<?xml version="1.0" encoding="UTF-8"?>
<!-- Generated by org.testng.reporters.JUnitReportReporter -->
<testsuite hostname="DESKTOP-J7DNQ9P" failures="0" tests="1" name="Luma_TestCases.TC_001_Luma_CreateAccount" time="21.264" errors="0" timestamp="2024-08-08T12:21:12 IST" skipped="0">
  <testcase classname="Luma_TestCases.TC_001_Luma_CreateAccount" name="CreateAcTest" time="21.264"/>
</testsuite> <!-- Luma_TestCases.TC_001_Luma_CreateAccount -->
